<?xml version="1.0" encoding="UTF-8"?>
<!-- Generated by org.testng.reporters.JUnitXMLReporter -->
<testsuite ignored="0" hostname="DESKTOP-UA7G0ND" failures="0" tests="3" name="Surefire test" time="22.693" errors="0" timestamp="2024-06-27T14:05:02 IST">
  <testcase classname="codewithharry.tests.SubmitCartTest" name="submitCart" time="3.505"/>
  <testcase classname="codewithharry.tests.SubmitCartTest" name="submitCart" time="3.349"/>
  <testcase classname="codewithharry.tests.SubmitCartTest" name="OrderConfirmed" time="4.789"/>
</testsuite> <!-- Surefire test -->
