<?xml version="1.0" encoding="UTF-8"?>
<!-- Generated by org.testng.reporters.JUnitXMLReporter -->
<testsuite ignored="0" hostname="DESKTOP-UA7G0ND" failures="0" tests="3" name="Test" time="19.292" errors="0" timestamp="2024-05-28T19:07:24 IST">
  <testcase classname="codewithharry.tests.SubmitCartTest" name="submitCart" time="4.182"/>
  <testcase classname="codewithharry.tests.SubmitCartTest" name="submitCart" time="5.802"/>
  <testcase classname="codewithharry.tests.SubmitCartTest" name="OrderConfirmed" time="0.791"/>
</testsuite> <!-- Test -->
