<?xml version="1.0" encoding="UTF-8"?>
<!-- Generated by org.testng.reporters.JUnitXMLReporter -->
<testsuite ignored="0" hostname="DESKTOP-UA7G0ND" failures="0" tests="3" name="Test" time="25.073" errors="0" timestamp="2024-06-27T14:10:27 IST">
  <testcase classname="codewithharry.tests.SubmitCartTest" name="submitCart" time="5.488"/>
  <testcase classname="codewithharry.tests.SubmitCartTest" name="submitCart" time="4.089"/>
  <testcase classname="codewithharry.tests.SubmitCartTest" name="OrderConfirmed" time="0.725"/>
</testsuite> <!-- Test -->
