<?xml version="1.0" encoding="UTF-8"?>
<!-- Generated by org.testng.reporters.JUnitXMLReporter -->
<testsuite ignored="2" hostname="DESKTOP-UA7G0ND" failures="0" tests="0" time="0.01" errors="0" timestamp="2024-06-26T11:58:05 IST">
  <testcase classname="codewithharry.tests.SubmitCartTest" name="submitCart" time="0.0">
    <ignored/>
  </testcase> <!-- submitCart -->
  <testcase classname="codewithharry.tests.SubmitCartTest" name="OrderConfirmed" time="0.0">
    <ignored/>
  </testcase> <!-- OrderConfirmed -->
</testsuite>
